<?xml version="1.0" encoding="UTF-8"?>
<testsuite xmlns:xsi="http://www.w3.org/2001/XMLSchema-instance" xsi:noNamespaceSchemaLocation="https://maven.apache.org/surefire/maven-surefire-plugin/xsd/surefire-test-report-3.0.xsd" version="3.0" name="TestSuite" time="8.927" tests="6" errors="0" skipped="0" failures="0">
  <properties>
    <property name="java.specification.version" value="17"/>
    <property name="webdriver.chrome.driver" value="/Users/bedir/.cache/selenium/chromedriver/mac64/98.0.4758.80/chromedriver"/>
    <property name="sun.jnu.encoding" value="UTF-8"/>
    <property name="java.class.path" value="/Users/bedir/Desktop/selenium-test-architecture/target/test-classes:/Users/bedir/Desktop/selenium-test-architecture/target/classes:/Users/bedir/.m2/repository/com/github/ralfstuckert/pdfbox-layout/pdfbox2-layout/0.8.6/pdfbox2-layout-0.8.6.jar:/Users/bedir/.m2/repository/org/apache/pdfbox/pdfbox/2.0.4/pdfbox-2.0.4.jar:/Users/bedir/.m2/repository/org/apache/pdfbox/fontbox/2.0.4/fontbox-2.0.4.jar:/Users/bedir/.m2/repository/commons-logging/commons-logging/1.2/commons-logging-1.2.jar:/Users/bedir/.m2/repository/org/projectlombok/lombok/1.18.22/lombok-1.18.22.jar:/Users/bedir/.m2/repository/org/seleniumhq/selenium/selenium-java/4.0.0/selenium-java-4.0.0.jar:/Users/bedir/.m2/repository/org/seleniumhq/selenium/selenium-api/4.0.0/selenium-api-4.0.0.jar:/Users/bedir/.m2/repository/org/seleniumhq/selenium/selenium-chrome-driver/4.0.0/selenium-chrome-driver-4.0.0.jar:/Users/bedir/.m2/repository/com/google/auto/service/auto-service-annotations/1.0/auto-service-annotations-1.0.jar:/Users/bedir/.m2/repository/com/google/auto/service/auto-service/1.0/auto-service-1.0.jar:/Users/bedir/.m2/repository/com/google/auto/auto-common/1.0/auto-common-1.0.jar:/Users/bedir/.m2/repository/org/seleniumhq/selenium/selenium-chromium-driver/4.0.0/selenium-chromium-driver-4.0.0.jar:/Users/bedir/.m2/repository/org/seleniumhq/selenium/selenium-json/4.0.0/selenium-json-4.0.0.jar:/Users/bedir/.m2/repository/org/seleniumhq/selenium/selenium-devtools-v85/4.0.0/selenium-devtools-v85-4.0.0.jar:/Users/bedir/.m2/repository/org/seleniumhq/selenium/selenium-devtools-v93/4.0.0/selenium-devtools-v93-4.0.0.jar:/Users/bedir/.m2/repository/org/seleniumhq/selenium/selenium-devtools-v94/4.0.0/selenium-devtools-v94-4.0.0.jar:/Users/bedir/.m2/repository/org/seleniumhq/selenium/selenium-devtools-v95/4.0.0/selenium-devtools-v95-4.0.0.jar:/Users/bedir/.m2/repository/org/seleniumhq/selenium/selenium-edge-driver/4.0.0/selenium-edge-driver-4.0.0.jar:/Users/bedir/.m2/repository/org/seleniumhq/selenium/selenium-firefox-driver/4.0.0/selenium-firefox-driver-4.0.0.jar:/Users/bedir/.m2/repository/org/seleniumhq/selenium/selenium-firefox-xpi-driver/4.0.0/selenium-firefox-xpi-driver-4.0.0.jar:/Users/bedir/.m2/repository/org/seleniumhq/selenium/selenium-ie-driver/4.0.0/selenium-ie-driver-4.0.0.jar:/Users/bedir/.m2/repository/org/seleniumhq/selenium/selenium-opera-driver/4.0.0/selenium-opera-driver-4.0.0.jar:/Users/bedir/.m2/repository/org/seleniumhq/selenium/selenium-remote-driver/4.0.0/selenium-remote-driver-4.0.0.jar:/Users/bedir/.m2/repository/io/netty/netty-buffer/4.1.68.Final/netty-buffer-4.1.68.Final.jar:/Users/bedir/.m2/repository/io/netty/netty-codec-http/4.1.67.Final/netty-codec-http-4.1.67.Final.jar:/Users/bedir/.m2/repository/io/netty/netty-codec/4.1.67.Final/netty-codec-4.1.67.Final.jar:/Users/bedir/.m2/repository/io/netty/netty-handler/4.1.67.Final/netty-handler-4.1.67.Final.jar:/Users/bedir/.m2/repository/io/netty/netty-common/4.1.68.Final/netty-common-4.1.68.Final.jar:/Users/bedir/.m2/repository/io/netty/netty-transport-native-epoll/4.1.67.Final/netty-transport-native-epoll-4.1.67.Final.jar:/Users/bedir/.m2/repository/io/netty/netty-transport-native-kqueue/4.1.67.Final/netty-transport-native-kqueue-4.1.67.Final.jar:/Users/bedir/.m2/repository/io/netty/netty-transport-native-unix-common/4.1.67.Final/netty-transport-native-unix-common-4.1.67.Final.jar:/Users/bedir/.m2/repository/io/netty/netty-transport/4.1.68.Final/netty-transport-4.1.68.Final.jar:/Users/bedir/.m2/repository/io/netty/netty-resolver/4.1.68.Final/netty-resolver-4.1.68.Final.jar:/Users/bedir/.m2/repository/io/opentelemetry/opentelemetry-api/1.6.0/opentelemetry-api-1.6.0.jar:/Users/bedir/.m2/repository/io/opentelemetry/opentelemetry-context/1.6.0/opentelemetry-context-1.6.0.jar:/Users/bedir/.m2/repository/io/opentelemetry/opentelemetry-exporter-logging/1.6.0/opentelemetry-exporter-logging-1.6.0.jar:/Users/bedir/.m2/repository/io/opentelemetry/opentelemetry-sdk-metrics/1.6.0-alpha/opentelemetry-sdk-metrics-1.6.0-alpha.jar:/Users/bedir/.m2/repository/io/opentelemetry/opentelemetry-sdk-common/1.6.0/opentelemetry-sdk-common-1.6.0.jar:/Users/bedir/.m2/repository/io/opentelemetry/opentelemetry-sdk-extension-autoconfigure-spi/1.6.0/opentelemetry-sdk-extension-autoconfigure-spi-1.6.0.jar:/Users/bedir/.m2/repository/io/opentelemetry/opentelemetry-sdk-extension-autoconfigure/1.6.0-alpha/opentelemetry-sdk-extension-autoconfigure-1.6.0-alpha.jar:/Users/bedir/.m2/repository/io/opentelemetry/opentelemetry-sdk-trace/1.6.0/opentelemetry-sdk-trace-1.6.0.jar:/Users/bedir/.m2/repository/io/opentelemetry/opentelemetry-api-metrics/1.6.0-alpha/opentelemetry-api-metrics-1.6.0-alpha.jar:/Users/bedir/.m2/repository/io/opentelemetry/opentelemetry-sdk/1.6.0/opentelemetry-sdk-1.6.0.jar:/Users/bedir/.m2/repository/io/opentelemetry/opentelemetry-semconv/1.6.0-alpha/opentelemetry-semconv-1.6.0-alpha.jar:/Users/bedir/.m2/repository/io/ous/jtoml/2.0.0/jtoml-2.0.0.jar:/Users/bedir/.m2/repository/net/bytebuddy/byte-buddy/1.11.19/byte-buddy-1.11.19.jar:/Users/bedir/.m2/repository/org/apache/commons/commons-exec/1.3/commons-exec-1.3.jar:/Users/bedir/.m2/repository/org/asynchttpclient/async-http-client/2.12.3/async-http-client-2.12.3.jar:/Users/bedir/.m2/repository/org/asynchttpclient/async-http-client-netty-utils/2.12.3/async-http-client-netty-utils-2.12.3.jar:/Users/bedir/.m2/repository/io/netty/netty-codec-socks/4.1.60.Final/netty-codec-socks-4.1.60.Final.jar:/Users/bedir/.m2/repository/io/netty/netty-handler-proxy/4.1.60.Final/netty-handler-proxy-4.1.60.Final.jar:/Users/bedir/.m2/repository/io/netty/netty-transport-native-epoll/4.1.60.Final/netty-transport-native-epoll-4.1.60.Final-linux-x86_64.jar:/Users/bedir/.m2/repository/io/netty/netty-transport-native-kqueue/4.1.60.Final/netty-transport-native-kqueue-4.1.60.Final-osx-x86_64.jar:/Users/bedir/.m2/repository/com/typesafe/netty/netty-reactive-streams/2.0.4/netty-reactive-streams-2.0.4.jar:/Users/bedir/.m2/repository/com/sun/activation/jakarta.activation/1.2.2/jakarta.activation-1.2.2.jar:/Users/bedir/.m2/repository/org/seleniumhq/selenium/selenium-http/4.0.0/selenium-http-4.0.0.jar:/Users/bedir/.m2/repository/org/seleniumhq/selenium/selenium-safari-driver/4.0.0/selenium-safari-driver-4.0.0.jar:/Users/bedir/.m2/repository/org/seleniumhq/selenium/selenium-support/4.0.0/selenium-support-4.0.0.jar:/Users/bedir/.m2/repository/org/testng/testng/7.4.0/testng-7.4.0.jar:/Users/bedir/.m2/repository/com/beust/jcommander/1.78/jcommander-1.78.jar:/Users/bedir/.m2/repository/org/webjars/jquery/3.5.1/jquery-3.5.1.jar:/Users/bedir/.m2/repository/com/github/javafaker/javafaker/1.0.2/javafaker-1.0.2.jar:/Users/bedir/.m2/repository/org/apache/commons/commons-lang3/3.5/commons-lang3-3.5.jar:/Users/bedir/.m2/repository/org/yaml/snakeyaml/1.23/snakeyaml-1.23-android.jar:/Users/bedir/.m2/repository/com/github/mifmif/generex/1.0.2/generex-1.0.2.jar:/Users/bedir/.m2/repository/dk/brics/automaton/automaton/1.11-8/automaton-1.11-8.jar:/Users/bedir/.m2/repository/io/github/bonigarcia/webdrivermanager/5.0.3/webdrivermanager-5.0.3.jar:/Users/bedir/.m2/repository/org/slf4j/slf4j-api/1.7.32/slf4j-api-1.7.32.jar:/Users/bedir/.m2/repository/com/google/code/gson/gson/2.8.8/gson-2.8.8.jar:/Users/bedir/.m2/repository/org/jsoup/jsoup/1.14.2/jsoup-1.14.2.jar:/Users/bedir/.m2/repository/com/github/docker-java/docker-java/3.2.12/docker-java-3.2.12.jar:/Users/bedir/.m2/repository/com/github/docker-java/docker-java-core/3.2.12/docker-java-core-3.2.12.jar:/Users/bedir/.m2/repository/com/github/docker-java/docker-java-api/3.2.12/docker-java-api-3.2.12.jar:/Users/bedir/.m2/repository/com/fasterxml/jackson/core/jackson-annotations/2.10.3/jackson-annotations-2.10.3.jar:/Users/bedir/.m2/repository/commons-io/commons-io/2.6/commons-io-2.6.jar:/Users/bedir/.m2/repository/org/apache/commons/commons-compress/1.21/commons-compress-1.21.jar:/Users/bedir/.m2/repository/commons-lang/commons-lang/2.6/commons-lang-2.6.jar:/Users/bedir/.m2/repository/com/fasterxml/jackson/core/jackson-databind/2.10.3/jackson-databind-2.10.3.jar:/Users/bedir/.m2/repository/com/fasterxml/jackson/core/jackson-core/2.10.3/jackson-core-2.10.3.jar:/Users/bedir/.m2/repository/org/bouncycastle/bcpkix-jdk15on/1.64/bcpkix-jdk15on-1.64.jar:/Users/bedir/.m2/repository/org/bouncycastle/bcprov-jdk15on/1.64/bcprov-jdk15on-1.64.jar:/Users/bedir/.m2/repository/org/slf4j/jcl-over-slf4j/1.7.30/jcl-over-slf4j-1.7.30.jar:/Users/bedir/.m2/repository/com/github/docker-java/docker-java-transport-httpclient5/3.2.12/docker-java-transport-httpclient5-3.2.12.jar:/Users/bedir/.m2/repository/com/github/docker-java/docker-java-transport/3.2.12/docker-java-transport-3.2.12.jar:/Users/bedir/.m2/repository/org/apache/httpcomponents/client5/httpclient5/5.0.3/httpclient5-5.0.3.jar:/Users/bedir/.m2/repository/org/apache/httpcomponents/core5/httpcore5/5.0.2/httpcore5-5.0.2.jar:/Users/bedir/.m2/repository/commons-codec/commons-codec/1.13/commons-codec-1.13.jar:/Users/bedir/.m2/repository/net/java/dev/jna/jna/5.8.0/jna-5.8.0.jar:/Users/bedir/.m2/repository/com/google/guava/guava/30.1.1-jre/guava-30.1.1-jre.jar:/Users/bedir/.m2/repository/com/google/guava/failureaccess/1.0.1/failureaccess-1.0.1.jar:/Users/bedir/.m2/repository/com/google/guava/listenablefuture/9999.0-empty-to-avoid-conflict-with-guava/listenablefuture-9999.0-empty-to-avoid-conflict-with-guava.jar:/Users/bedir/.m2/repository/com/google/code/findbugs/jsr305/3.0.2/jsr305-3.0.2.jar:/Users/bedir/.m2/repository/org/checkerframework/checker-qual/3.8.0/checker-qual-3.8.0.jar:/Users/bedir/.m2/repository/com/google/errorprone/error_prone_annotations/2.5.1/error_prone_annotations-2.5.1.jar:/Users/bedir/.m2/repository/com/google/j2objc/j2objc-annotations/1.3/j2objc-annotations-1.3.jar:/Users/bedir/.m2/repository/org/brotli/dec/0.1.2/dec-0.1.2.jar:/Users/bedir/.m2/repository/org/aeonbits/owner/owner/1.0.12/owner-1.0.12.jar:/Users/bedir/.m2/repository/org/assertj/assertj-core/3.21.0/assertj-core-3.21.0.jar:/Users/bedir/.m2/repository/io/cucumber/cucumber-core/6.9.0/cucumber-core-6.9.0.jar:/Users/bedir/.m2/repository/io/cucumber/cucumber-gherkin/6.9.0/cucumber-gherkin-6.9.0.jar:/Users/bedir/.m2/repository/io/cucumber/cucumber-gherkin-messages/6.9.0/cucumber-gherkin-messages-6.9.0.jar:/Users/bedir/.m2/repository/io/cucumber/messages/13.2.0/messages-13.2.0.jar:/Users/bedir/.m2/repository/io/cucumber/tag-expressions/3.0.0/tag-expressions-3.0.0.jar:/Users/bedir/.m2/repository/io/cucumber/cucumber-expressions/10.3.0/cucumber-expressions-10.3.0.jar:/Users/bedir/.m2/repository/io/cucumber/datatable/3.5.0/datatable-3.5.0.jar:/Users/bedir/.m2/repository/io/cucumber/cucumber-plugin/6.9.0/cucumber-plugin-6.9.0.jar:/Users/bedir/.m2/repository/io/cucumber/docstring/6.9.0/docstring-6.9.0.jar:/Users/bedir/.m2/repository/io/cucumber/html-formatter/9.0.0/html-formatter-9.0.0.jar:/Users/bedir/.m2/repository/io/cucumber/create-meta/2.0.4/create-meta-2.0.4.jar:/Users/bedir/.m2/repository/org/apiguardian/apiguardian-api/1.1.0/apiguardian-api-1.1.0.jar:/Users/bedir/.m2/repository/io/cucumber/cucumber-java/6.9.0/cucumber-java-6.9.0.jar:/Users/bedir/.m2/repository/io/cucumber/cucumber-testng/6.9.0/cucumber-testng-6.9.0.jar:/Users/bedir/.m2/repository/tech/grasshopper/extentreports-cucumber6-adapter/2.5.0/extentreports-cucumber6-adapter-2.5.0.jar:/Users/bedir/.m2/repository/tech/grasshopper/extent-pdf-report/1.3.0/extent-pdf-report-1.3.0.jar:/Users/bedir/.m2/repository/tech/grasshopper/cucumber-pdf-report/1.6.0/cucumber-pdf-report-1.6.0.jar:/Users/bedir/.m2/repository/org/knowm/xchart/xchart/3.6.5/xchart-3.6.5.jar:/Users/bedir/.m2/repository/de/erichseifert/vectorgraphics2d/VectorGraphics2D/0.13/VectorGraphics2D-0.13.jar:/Users/bedir/.m2/repository/de/rototor/pdfbox/graphics2d/0.27/graphics2d-0.27.jar:/Users/bedir/.m2/repository/com/madgag/animated-gif-lib/1.4/animated-gif-lib-1.4.jar:/Users/bedir/.m2/repository/com/github/vandeseer/easytable/0.7.1/easytable-0.7.1.jar:/Users/bedir/.m2/repository/org/yaml/snakeyaml/1.27/snakeyaml-1.27.jar:/Users/bedir/.m2/repository/com/aventstack/klov-reporter/5.0.5/klov-reporter-5.0.5.jar:/Users/bedir/.m2/repository/org/mongodb/bson/3.6.4/bson-3.6.4.jar:/Users/bedir/.m2/repository/org/apache/httpcomponents/httpclient/4.5.2/httpclient-4.5.2.jar:/Users/bedir/.m2/repository/org/apache/httpcomponents/httpcore/4.4.4/httpcore-4.4.4.jar:/Users/bedir/.m2/repository/org/apache/httpcomponents/httpmime/4.5.2/httpmime-4.5.2.jar:/Users/bedir/.m2/repository/org/mongodb/mongodb-driver/3.3.0/mongodb-driver-3.3.0.jar:/Users/bedir/.m2/repository/org/mongodb/mongodb-driver-core/3.3.0/mongodb-driver-core-3.3.0.jar:/Users/bedir/.m2/repository/com/aventstack/extentreports/5.0.6/extentreports-5.0.6.jar:/Users/bedir/.m2/repository/io/reactivex/rxjava3/rxjava/3.0.4/rxjava-3.0.4.jar:/Users/bedir/.m2/repository/org/reactivestreams/reactive-streams/1.0.3/reactive-streams-1.0.3.jar:/Users/bedir/.m2/repository/org/freemarker/freemarker/2.3.30/freemarker-2.3.30.jar:/Users/bedir/.m2/repository/com/vimalselvam/cucumber-extentsreport/3.1.1/cucumber-extentsreport-3.1.1.jar:"/>
    <property name="java.vm.vendor" value="Homebrew"/>
    <property name="sun.arch.data.model" value="64"/>
    <property name="java.vendor.url" value="https://github.com/Homebrew/homebrew-core/issues"/>
    <property name="user.timezone" value="Europe/Istanbul"/>
    <property name="suiteXmlFile" value="parallel.xml"/>
    <property name="os.name" value="Mac OS X"/>
    <property name="java.vm.specification.version" value="17"/>
    <property name="sun.java.launcher" value="SUN_STANDARD"/>
    <property name="user.country" value="TR"/>
    <property name="sun.boot.library.path" value="/usr/local/Cellar/openjdk/17.0.2/libexec/openjdk.jdk/Contents/Home/lib"/>
    <property name="sun.java.command" value="/Users/bedir/Desktop/selenium-test-architecture/target/surefire/surefirebooter12473704775288883781.jar /Users/bedir/Desktop/selenium-test-architecture/target/surefire 2022-02-10T22-10-43_890-jvmRun1 surefire7738867835501416090tmp surefire_017523877723987198970tmp"/>
    <property name="jdk.debug" value="release"/>
    <property name="surefire.test.class.path" value="/Users/bedir/Desktop/selenium-test-architecture/target/test-classes:/Users/bedir/Desktop/selenium-test-architecture/target/classes:/Users/bedir/.m2/repository/com/github/ralfstuckert/pdfbox-layout/pdfbox2-layout/0.8.6/pdfbox2-layout-0.8.6.jar:/Users/bedir/.m2/repository/org/apache/pdfbox/pdfbox/2.0.4/pdfbox-2.0.4.jar:/Users/bedir/.m2/repository/org/apache/pdfbox/fontbox/2.0.4/fontbox-2.0.4.jar:/Users/bedir/.m2/repository/commons-logging/commons-logging/1.2/commons-logging-1.2.jar:/Users/bedir/.m2/repository/org/projectlombok/lombok/1.18.22/lombok-1.18.22.jar:/Users/bedir/.m2/repository/org/seleniumhq/selenium/selenium-java/4.0.0/selenium-java-4.0.0.jar:/Users/bedir/.m2/repository/org/seleniumhq/selenium/selenium-api/4.0.0/selenium-api-4.0.0.jar:/Users/bedir/.m2/repository/org/seleniumhq/selenium/selenium-chrome-driver/4.0.0/selenium-chrome-driver-4.0.0.jar:/Users/bedir/.m2/repository/com/google/auto/service/auto-service-annotations/1.0/auto-service-annotations-1.0.jar:/Users/bedir/.m2/repository/com/google/auto/service/auto-service/1.0/auto-service-1.0.jar:/Users/bedir/.m2/repository/com/google/auto/auto-common/1.0/auto-common-1.0.jar:/Users/bedir/.m2/repository/org/seleniumhq/selenium/selenium-chromium-driver/4.0.0/selenium-chromium-driver-4.0.0.jar:/Users/bedir/.m2/repository/org/seleniumhq/selenium/selenium-json/4.0.0/selenium-json-4.0.0.jar:/Users/bedir/.m2/repository/org/seleniumhq/selenium/selenium-devtools-v85/4.0.0/selenium-devtools-v85-4.0.0.jar:/Users/bedir/.m2/repository/org/seleniumhq/selenium/selenium-devtools-v93/4.0.0/selenium-devtools-v93-4.0.0.jar:/Users/bedir/.m2/repository/org/seleniumhq/selenium/selenium-devtools-v94/4.0.0/selenium-devtools-v94-4.0.0.jar:/Users/bedir/.m2/repository/org/seleniumhq/selenium/selenium-devtools-v95/4.0.0/selenium-devtools-v95-4.0.0.jar:/Users/bedir/.m2/repository/org/seleniumhq/selenium/selenium-edge-driver/4.0.0/selenium-edge-driver-4.0.0.jar:/Users/bedir/.m2/repository/org/seleniumhq/selenium/selenium-firefox-driver/4.0.0/selenium-firefox-driver-4.0.0.jar:/Users/bedir/.m2/repository/org/seleniumhq/selenium/selenium-firefox-xpi-driver/4.0.0/selenium-firefox-xpi-driver-4.0.0.jar:/Users/bedir/.m2/repository/org/seleniumhq/selenium/selenium-ie-driver/4.0.0/selenium-ie-driver-4.0.0.jar:/Users/bedir/.m2/repository/org/seleniumhq/selenium/selenium-opera-driver/4.0.0/selenium-opera-driver-4.0.0.jar:/Users/bedir/.m2/repository/org/seleniumhq/selenium/selenium-remote-driver/4.0.0/selenium-remote-driver-4.0.0.jar:/Users/bedir/.m2/repository/io/netty/netty-buffer/4.1.68.Final/netty-buffer-4.1.68.Final.jar:/Users/bedir/.m2/repository/io/netty/netty-codec-http/4.1.67.Final/netty-codec-http-4.1.67.Final.jar:/Users/bedir/.m2/repository/io/netty/netty-codec/4.1.67.Final/netty-codec-4.1.67.Final.jar:/Users/bedir/.m2/repository/io/netty/netty-handler/4.1.67.Final/netty-handler-4.1.67.Final.jar:/Users/bedir/.m2/repository/io/netty/netty-common/4.1.68.Final/netty-common-4.1.68.Final.jar:/Users/bedir/.m2/repository/io/netty/netty-transport-native-epoll/4.1.67.Final/netty-transport-native-epoll-4.1.67.Final.jar:/Users/bedir/.m2/repository/io/netty/netty-transport-native-kqueue/4.1.67.Final/netty-transport-native-kqueue-4.1.67.Final.jar:/Users/bedir/.m2/repository/io/netty/netty-transport-native-unix-common/4.1.67.Final/netty-transport-native-unix-common-4.1.67.Final.jar:/Users/bedir/.m2/repository/io/netty/netty-transport/4.1.68.Final/netty-transport-4.1.68.Final.jar:/Users/bedir/.m2/repository/io/netty/netty-resolver/4.1.68.Final/netty-resolver-4.1.68.Final.jar:/Users/bedir/.m2/repository/io/opentelemetry/opentelemetry-api/1.6.0/opentelemetry-api-1.6.0.jar:/Users/bedir/.m2/repository/io/opentelemetry/opentelemetry-context/1.6.0/opentelemetry-context-1.6.0.jar:/Users/bedir/.m2/repository/io/opentelemetry/opentelemetry-exporter-logging/1.6.0/opentelemetry-exporter-logging-1.6.0.jar:/Users/bedir/.m2/repository/io/opentelemetry/opentelemetry-sdk-metrics/1.6.0-alpha/opentelemetry-sdk-metrics-1.6.0-alpha.jar:/Users/bedir/.m2/repository/io/opentelemetry/opentelemetry-sdk-common/1.6.0/opentelemetry-sdk-common-1.6.0.jar:/Users/bedir/.m2/repository/io/opentelemetry/opentelemetry-sdk-extension-autoconfigure-spi/1.6.0/opentelemetry-sdk-extension-autoconfigure-spi-1.6.0.jar:/Users/bedir/.m2/repository/io/opentelemetry/opentelemetry-sdk-extension-autoconfigure/1.6.0-alpha/opentelemetry-sdk-extension-autoconfigure-1.6.0-alpha.jar:/Users/bedir/.m2/repository/io/opentelemetry/opentelemetry-sdk-trace/1.6.0/opentelemetry-sdk-trace-1.6.0.jar:/Users/bedir/.m2/repository/io/opentelemetry/opentelemetry-api-metrics/1.6.0-alpha/opentelemetry-api-metrics-1.6.0-alpha.jar:/Users/bedir/.m2/repository/io/opentelemetry/opentelemetry-sdk/1.6.0/opentelemetry-sdk-1.6.0.jar:/Users/bedir/.m2/repository/io/opentelemetry/opentelemetry-semconv/1.6.0-alpha/opentelemetry-semconv-1.6.0-alpha.jar:/Users/bedir/.m2/repository/io/ous/jtoml/2.0.0/jtoml-2.0.0.jar:/Users/bedir/.m2/repository/net/bytebuddy/byte-buddy/1.11.19/byte-buddy-1.11.19.jar:/Users/bedir/.m2/repository/org/apache/commons/commons-exec/1.3/commons-exec-1.3.jar:/Users/bedir/.m2/repository/org/asynchttpclient/async-http-client/2.12.3/async-http-client-2.12.3.jar:/Users/bedir/.m2/repository/org/asynchttpclient/async-http-client-netty-utils/2.12.3/async-http-client-netty-utils-2.12.3.jar:/Users/bedir/.m2/repository/io/netty/netty-codec-socks/4.1.60.Final/netty-codec-socks-4.1.60.Final.jar:/Users/bedir/.m2/repository/io/netty/netty-handler-proxy/4.1.60.Final/netty-handler-proxy-4.1.60.Final.jar:/Users/bedir/.m2/repository/io/netty/netty-transport-native-epoll/4.1.60.Final/netty-transport-native-epoll-4.1.60.Final-linux-x86_64.jar:/Users/bedir/.m2/repository/io/netty/netty-transport-native-kqueue/4.1.60.Final/netty-transport-native-kqueue-4.1.60.Final-osx-x86_64.jar:/Users/bedir/.m2/repository/com/typesafe/netty/netty-reactive-streams/2.0.4/netty-reactive-streams-2.0.4.jar:/Users/bedir/.m2/repository/com/sun/activation/jakarta.activation/1.2.2/jakarta.activation-1.2.2.jar:/Users/bedir/.m2/repository/org/seleniumhq/selenium/selenium-http/4.0.0/selenium-http-4.0.0.jar:/Users/bedir/.m2/repository/org/seleniumhq/selenium/selenium-safari-driver/4.0.0/selenium-safari-driver-4.0.0.jar:/Users/bedir/.m2/repository/org/seleniumhq/selenium/selenium-support/4.0.0/selenium-support-4.0.0.jar:/Users/bedir/.m2/repository/org/testng/testng/7.4.0/testng-7.4.0.jar:/Users/bedir/.m2/repository/com/beust/jcommander/1.78/jcommander-1.78.jar:/Users/bedir/.m2/repository/org/webjars/jquery/3.5.1/jquery-3.5.1.jar:/Users/bedir/.m2/repository/com/github/javafaker/javafaker/1.0.2/javafaker-1.0.2.jar:/Users/bedir/.m2/repository/org/apache/commons/commons-lang3/3.5/commons-lang3-3.5.jar:/Users/bedir/.m2/repository/org/yaml/snakeyaml/1.23/snakeyaml-1.23-android.jar:/Users/bedir/.m2/repository/com/github/mifmif/generex/1.0.2/generex-1.0.2.jar:/Users/bedir/.m2/repository/dk/brics/automaton/automaton/1.11-8/automaton-1.11-8.jar:/Users/bedir/.m2/repository/io/github/bonigarcia/webdrivermanager/5.0.3/webdrivermanager-5.0.3.jar:/Users/bedir/.m2/repository/org/slf4j/slf4j-api/1.7.32/slf4j-api-1.7.32.jar:/Users/bedir/.m2/repository/com/google/code/gson/gson/2.8.8/gson-2.8.8.jar:/Users/bedir/.m2/repository/org/jsoup/jsoup/1.14.2/jsoup-1.14.2.jar:/Users/bedir/.m2/repository/com/github/docker-java/docker-java/3.2.12/docker-java-3.2.12.jar:/Users/bedir/.m2/repository/com/github/docker-java/docker-java-core/3.2.12/docker-java-core-3.2.12.jar:/Users/bedir/.m2/repository/com/github/docker-java/docker-java-api/3.2.12/docker-java-api-3.2.12.jar:/Users/bedir/.m2/repository/com/fasterxml/jackson/core/jackson-annotations/2.10.3/jackson-annotations-2.10.3.jar:/Users/bedir/.m2/repository/commons-io/commons-io/2.6/commons-io-2.6.jar:/Users/bedir/.m2/repository/org/apache/commons/commons-compress/1.21/commons-compress-1.21.jar:/Users/bedir/.m2/repository/commons-lang/commons-lang/2.6/commons-lang-2.6.jar:/Users/bedir/.m2/repository/com/fasterxml/jackson/core/jackson-databind/2.10.3/jackson-databind-2.10.3.jar:/Users/bedir/.m2/repository/com/fasterxml/jackson/core/jackson-core/2.10.3/jackson-core-2.10.3.jar:/Users/bedir/.m2/repository/org/bouncycastle/bcpkix-jdk15on/1.64/bcpkix-jdk15on-1.64.jar:/Users/bedir/.m2/repository/org/bouncycastle/bcprov-jdk15on/1.64/bcprov-jdk15on-1.64.jar:/Users/bedir/.m2/repository/org/slf4j/jcl-over-slf4j/1.7.30/jcl-over-slf4j-1.7.30.jar:/Users/bedir/.m2/repository/com/github/docker-java/docker-java-transport-httpclient5/3.2.12/docker-java-transport-httpclient5-3.2.12.jar:/Users/bedir/.m2/repository/com/github/docker-java/docker-java-transport/3.2.12/docker-java-transport-3.2.12.jar:/Users/bedir/.m2/repository/org/apache/httpcomponents/client5/httpclient5/5.0.3/httpclient5-5.0.3.jar:/Users/bedir/.m2/repository/org/apache/httpcomponents/core5/httpcore5/5.0.2/httpcore5-5.0.2.jar:/Users/bedir/.m2/repository/commons-codec/commons-codec/1.13/commons-codec-1.13.jar:/Users/bedir/.m2/repository/net/java/dev/jna/jna/5.8.0/jna-5.8.0.jar:/Users/bedir/.m2/repository/com/google/guava/guava/30.1.1-jre/guava-30.1.1-jre.jar:/Users/bedir/.m2/repository/com/google/guava/failureaccess/1.0.1/failureaccess-1.0.1.jar:/Users/bedir/.m2/repository/com/google/guava/listenablefuture/9999.0-empty-to-avoid-conflict-with-guava/listenablefuture-9999.0-empty-to-avoid-conflict-with-guava.jar:/Users/bedir/.m2/repository/com/google/code/findbugs/jsr305/3.0.2/jsr305-3.0.2.jar:/Users/bedir/.m2/repository/org/checkerframework/checker-qual/3.8.0/checker-qual-3.8.0.jar:/Users/bedir/.m2/repository/com/google/errorprone/error_prone_annotations/2.5.1/error_prone_annotations-2.5.1.jar:/Users/bedir/.m2/repository/com/google/j2objc/j2objc-annotations/1.3/j2objc-annotations-1.3.jar:/Users/bedir/.m2/repository/org/brotli/dec/0.1.2/dec-0.1.2.jar:/Users/bedir/.m2/repository/org/aeonbits/owner/owner/1.0.12/owner-1.0.12.jar:/Users/bedir/.m2/repository/org/assertj/assertj-core/3.21.0/assertj-core-3.21.0.jar:/Users/bedir/.m2/repository/io/cucumber/cucumber-core/6.9.0/cucumber-core-6.9.0.jar:/Users/bedir/.m2/repository/io/cucumber/cucumber-gherkin/6.9.0/cucumber-gherkin-6.9.0.jar:/Users/bedir/.m2/repository/io/cucumber/cucumber-gherkin-messages/6.9.0/cucumber-gherkin-messages-6.9.0.jar:/Users/bedir/.m2/repository/io/cucumber/messages/13.2.0/messages-13.2.0.jar:/Users/bedir/.m2/repository/io/cucumber/tag-expressions/3.0.0/tag-expressions-3.0.0.jar:/Users/bedir/.m2/repository/io/cucumber/cucumber-expressions/10.3.0/cucumber-expressions-10.3.0.jar:/Users/bedir/.m2/repository/io/cucumber/datatable/3.5.0/datatable-3.5.0.jar:/Users/bedir/.m2/repository/io/cucumber/cucumber-plugin/6.9.0/cucumber-plugin-6.9.0.jar:/Users/bedir/.m2/repository/io/cucumber/docstring/6.9.0/docstring-6.9.0.jar:/Users/bedir/.m2/repository/io/cucumber/html-formatter/9.0.0/html-formatter-9.0.0.jar:/Users/bedir/.m2/repository/io/cucumber/create-meta/2.0.4/create-meta-2.0.4.jar:/Users/bedir/.m2/repository/org/apiguardian/apiguardian-api/1.1.0/apiguardian-api-1.1.0.jar:/Users/bedir/.m2/repository/io/cucumber/cucumber-java/6.9.0/cucumber-java-6.9.0.jar:/Users/bedir/.m2/repository/io/cucumber/cucumber-testng/6.9.0/cucumber-testng-6.9.0.jar:/Users/bedir/.m2/repository/tech/grasshopper/extentreports-cucumber6-adapter/2.5.0/extentreports-cucumber6-adapter-2.5.0.jar:/Users/bedir/.m2/repository/tech/grasshopper/extent-pdf-report/1.3.0/extent-pdf-report-1.3.0.jar:/Users/bedir/.m2/repository/tech/grasshopper/cucumber-pdf-report/1.6.0/cucumber-pdf-report-1.6.0.jar:/Users/bedir/.m2/repository/org/knowm/xchart/xchart/3.6.5/xchart-3.6.5.jar:/Users/bedir/.m2/repository/de/erichseifert/vectorgraphics2d/VectorGraphics2D/0.13/VectorGraphics2D-0.13.jar:/Users/bedir/.m2/repository/de/rototor/pdfbox/graphics2d/0.27/graphics2d-0.27.jar:/Users/bedir/.m2/repository/com/madgag/animated-gif-lib/1.4/animated-gif-lib-1.4.jar:/Users/bedir/.m2/repository/com/github/vandeseer/easytable/0.7.1/easytable-0.7.1.jar:/Users/bedir/.m2/repository/org/yaml/snakeyaml/1.27/snakeyaml-1.27.jar:/Users/bedir/.m2/repository/com/aventstack/klov-reporter/5.0.5/klov-reporter-5.0.5.jar:/Users/bedir/.m2/repository/org/mongodb/bson/3.6.4/bson-3.6.4.jar:/Users/bedir/.m2/repository/org/apache/httpcomponents/httpclient/4.5.2/httpclient-4.5.2.jar:/Users/bedir/.m2/repository/org/apache/httpcomponents/httpcore/4.4.4/httpcore-4.4.4.jar:/Users/bedir/.m2/repository/org/apache/httpcomponents/httpmime/4.5.2/httpmime-4.5.2.jar:/Users/bedir/.m2/repository/org/mongodb/mongodb-driver/3.3.0/mongodb-driver-3.3.0.jar:/Users/bedir/.m2/repository/org/mongodb/mongodb-driver-core/3.3.0/mongodb-driver-core-3.3.0.jar:/Users/bedir/.m2/repository/com/aventstack/extentreports/5.0.6/extentreports-5.0.6.jar:/Users/bedir/.m2/repository/io/reactivex/rxjava3/rxjava/3.0.4/rxjava-3.0.4.jar:/Users/bedir/.m2/repository/org/reactivestreams/reactive-streams/1.0.3/reactive-streams-1.0.3.jar:/Users/bedir/.m2/repository/org/freemarker/freemarker/2.3.30/freemarker-2.3.30.jar:/Users/bedir/.m2/repository/com/vimalselvam/cucumber-extentsreport/3.1.1/cucumber-extentsreport-3.1.1.jar:"/>
    <property name="sun.cpu.endian" value="little"/>
    <property name="user.home" value="/Users/bedir"/>
    <property name="user.language" value="en"/>
    <property name="java.specification.vendor" value="Oracle Corporation"/>
    <property name="java.version.date" value="2022-01-18"/>
    <property name="java.home" value="/usr/local/Cellar/openjdk/17.0.2/libexec/openjdk.jdk/Contents/Home"/>
    <property name="file.separator" value="/"/>
    <property name="basedir" value="/Users/bedir/Desktop/selenium-test-architecture"/>
    <property name="java.vm.compressedOopsMode" value="Zero based"/>
    <property name="line.separator" value="&#10;"/>
    <property name="java.specification.name" value="Java Platform API Specification"/>
    <property name="java.vm.specification.vendor" value="Oracle Corporation"/>
    <property name="surefire.real.class.path" value="/Users/bedir/Desktop/selenium-test-architecture/target/surefire/surefirebooter12473704775288883781.jar"/>
    <property name="sun.management.compiler" value="HotSpot 64-Bit Tiered Compilers"/>
    <property name="java.runtime.version" value="17.0.2+0"/>
    <property name="user.name" value="bedir"/>
    <property name="path.separator" value=":"/>
    <property name="os.version" value="10.15.7"/>
    <property name="java.runtime.name" value="OpenJDK Runtime Environment"/>
    <property name="file.encoding" value="UTF-8"/>
    <property name="sun.nio.ch.bugLevel" value=""/>
    <property name="java.vm.name" value="OpenJDK 64-Bit Server VM"/>
    <property name="java.vendor.version" value="Homebrew"/>
    <property name="localRepository" value="/Users/bedir/.m2/repository"/>
    <property name="java.vendor.url.bug" value="https://github.com/Homebrew/homebrew-core/issues"/>
    <property name="java.io.tmpdir" value="/var/folders/s8/m14jyfl92lq2_g4mt6m1z2980000gn/T/"/>
    <property name="java.version" value="17.0.2"/>
    <property name="user.dir" value="/Users/bedir/Desktop/selenium-test-architecture"/>
    <property name="os.arch" value="x86_64"/>
    <property name="webdriver.gecko.driver" value="/Users/bedir/.cache/selenium/geckodriver/mac64/0.30.0/geckodriver"/>
    <property name="java.vm.specification.name" value="Java Virtual Machine Specification"/>
    <property name="native.encoding" value="UTF-8"/>
    <property name="java.library.path" value="/Users/bedir/Library/Java/Extensions:/Library/Java/Extensions:/Network/Library/Java/Extensions:/System/Library/Java/Extensions:/usr/lib/java:."/>
    <property name="java.vm.info" value="mixed mode, sharing"/>
    <property name="java.vendor" value="Homebrew"/>
    <property name="java.vm.version" value="17.0.2+0"/>
    <property name="sun.io.unicode.encoding" value="UnicodeBig"/>
    <property name="java.class.version" value="61.0"/>
  </properties>
  <testcase name="runScenario[&quot;Go to site and login3&quot;, &quot;Optional[Login Test]&quot;](1)" classname="com.hanrideb.Runner.Runner" time="1.139">
    <system-out><![CDATA[[Configuration] [WARN] Detected a static method [com.hanrideb.Runner.Runner.beforeClass()]. Static configuration methods can cause  unexpected behavior.
[Configuration] [WARN] Detected a static method [com.hanrideb.Runner.Runner.beforeClass()]. Static configuration methods can cause  unexpected behavior.

@bing
Scenario: Go to site and login3 &amp#27;[90m# src/test/java/com/hanrideb/Feature/Login.feature:20&amp#27;[0m

@bing
Scenario: Go to site and login2       &amp#27;[90m# src/test/java/com/hanrideb/Feature/Login.feature:12&amp#27;[0m

@bing
Scenario: Go to site and login        &amp#27;[90m# src/test/java/com/hanrideb/Feature/Login.feature:4&amp#27;[0m
  &amp#27;[32mGiven &amp#27;[0m&amp#27;[32msiteye git&amp#27;[0m                    &amp#27;[90m# com.hanrideb.Steps.LoginSteps.siteye_git()&amp#27;[0m
  &amp#27;[32mGiven &amp#27;[0m&amp#27;[32msiteye git&amp#27;[0m              &amp#27;[90m# com.hanrideb.Steps.LoginSteps.siteye_git()&amp#27;[0m
]]></system-out>
    <system-err><![CDATA[SLF4J: Failed to load class "org.slf4j.impl.StaticLoggerBinder".
SLF4J: Defaulting to no-operation (NOP) logger implementation
SLF4J: See http://www.slf4j.org/codes.html#StaticLoggerBinder for further details.
116445620442545290825	4g5e9cko1d6r4i4v58e2r60		2I4gN5eF9cO8	k5Lo	igdsetrcekinovidenrgri 	voIenrN FO		ILNiFsOt	eLniinsgt eonni n1g2 7o.n0 .1012.721.:705..3009.00..11::5365
3720242

StSSttaaarrrtttiinngg  CCihrnoghm reCoDhrmrieoDmerDrivveerr 9 i89v.8e0.r0. 4.74957885..808..084 07( 75(f807.4f880084e 88(b87afe008db48ae8080de1891b88a7e0c0d6813e290511a8911768cc762c3962d3592ab517a6fc124699cd82999b-d7r9febf47s9f/b84r99a-8nr9che--frhsee/fbasr/dbasrn/ca4hn7-c5hh8-eah@de{as#d/9s47/7245}8)@ {o#n97 p2o}r)t  o5n4 2po6r2t
 O6n4l8y7 8l
Oocnally  cloocnnaelc tcioonnnesc tairoen s aalrleo wae7ld5l.o8
Pl@e{a#s9e7 s2e}e )h totnp sp:or/t/ c6h0r1o1me9d
rOivnelyr .lcohrcwoaemld i.uc
onmn.eocrtgio/nsse caurreit y-aclolonwseidd.e
rPalteiaonses  sfeoer  hstutgpgse:s/t/icohnrs oomne dkreeipvienrg.c hCrhormoimuem.Dorrivge/rs escaufrei.t
y-considePralteiaonsse  sfeoer  hstutgpgse:s/t/icohnrso moen dkreepiivnegr .CchhrroommeiDurmi.voer safe.
rg/security-considerations for suggestions on keeping ChromeDriver safe.
CChrhormoemCeDhrromievDerri wvaesr  swtaasr tsetda rstuecdc essuscfcuelslsyf.
Driver was started successfully.
ully.
1644520246292	mozrunner::runner	INFO	Running command: "/Applications/Firefox.app/Contents/MacOS/firefox-bin" "--marionette" "--start-maximized" "-headless" "--remote-debugging-port" "59530" "-foreground" "-no-remote" "-profile" "/var/folders/s8/m14jyfl92lq2_g4mt6m1z2980000gn/T/rust_mozprofile6Ng5Xr"
1644520246295	mozrunner::runner	INFO	Running command: "/Applications/Firefox.app/Contents/MacOS/firefox-bin" "--ma1644520246297	mozrurnnieorn::ertutnen"e r"	-I-NsFtOa	rRtu-nmnaixnigm iczoemdm"a n"d-:h e"a/dAlpepslsi"c a"t-i-orns/eFimrote-debeufgogxi.nagp-pp/oCrotn"t e"n5t1s3/4M7"a c"O-Sf/ofriergerfoouxn-db"i n""- n"o---rmeamroitoene"t t"e-"p r"o-f-isltea"r t"-/mvaaxri/folmdiezres/s8/m14jyfl92lq2_g4mt6m1z2980000gn/T/rust_mozprofilekZT7kD"
d" "-headless" "--remote-debugging-port" "63733" "-foreground" "-no-remote" "-profile" "/var/folders/s8/m14jyfl92lq2_g4mt6m1z2980000gn/T/rust_mozprofileYjPzUY"
*** You are running in headless mode.
*** You are running in headless mode.
*** You are running in headless mode.
1644520246910	Marionette	INFO	Marionette enabled
1644520247038	Marionette	INFO	Marionette enabled
Feb 10, 2022 10:10:47 PM org.openqa.selenium.remote.ProtocolHandshake createSession
INFO: Detected dialect: W3C
Feb 10, 2022 10:10:47 PM org.openqa.selenium.remote.ProtocolHandshake createSession
INFO: Detected dialect: W3C
1644520247155	Marionette	INFO	Marionette enabled
Feb 10, 2022 10:10:47 PM org.openqa.selenium.devtools.CdpVersionFinder findNearestMatch
WARNING: Unable to find an exact match for CDP version 98, so returning the closest version found: 95
Feb 10, 2022 10:10:47 PM org.openqa.selenium.devtools.CdpVersionFinder findNearestMatch
WARNING: Unable to find an exact match for CDP version 98, so returning the closest version found: 95
Feb 10, 2022 10:10:47 PM org.openqa.selenium.devtools.CdpVersionFinder findNearestMatch
INFO: Found CDP implementation for version 98 of 95
Feb 10, 2022 10:10:47 PM org.openqa.selenium.devtools.CdpVersionFinder findNearestMatch
INFO: Found CDP implementation for version 98 of 95
Feb 10, 2022 10:10:47 PM org.openqa.selenium.remote.ProtocolHandshake createSession
INFO: Detected dialect: W3C
Feb 10, 2022 10:10:47 PM org.openqa.selenium.devtools.CdpVersionFinder findNearestMatch
WARNING: Unable to find an exact match for CDP version 98, so returning the closest version found: 95
Feb 10, 2022 10:10:47 PM org.openqa.selenium.devtools.CdpVersionFinder findNearestMatch
INFO: Found CDP implementation for version 98 of 95
[GFX1-]: RenderCompositorSWGL failed mapping default framebuffer, no dt
[GFX1-]: RenderCompositorSWGL failed mapping default framebuffer, no dt
[GFX1-]: RenderCompositorSWGL failed mapping default framebuffer, no dt
console.warn: SearchSettings: "get: No settings file exists, new profile?" (new NotFoundError("Could not open the file at /var/folders/s8/m14jyfl92lq2_g4mt6m1z2980000gn/T/rust_mozprofile6Ng5Xr/search.json.mozlz4", (void 0)))
console.warn: SearchSettings: "get: No settings file exists, new profile?" (new NotFoundError("Could not open the file at /var/folders/s8/m14jyfl92lq2_g4mt6m1z2980000gn/T/rust_mozprofilekZT7kD/search.json.mozlz4", (void 0)))
console.warn: SearchSettings: "get: No settings file exists, new profile?" (new NotFoundError("Could not open the file at /var/folders/s8/m14jyfl92lq2_g4mt6m1z2980000gn/T/rust_mozprofileYjPzUY/search.json.mozlz4", (void 0)))
]]></system-err>
  </testcase>
  <testcase name="runScenario[&quot;Go to site and login3&quot;, &quot;Optional[Login Test]&quot;](1)" classname="com.hanrideb.Runner.Runner" time="1.9">
    <system-out><![CDATA[  &amp#27;[32mGiven &amp#27;[0m&amp#27;[32msiteye git&amp#27;[0m                    &amp#27;[90m# com.hanrideb.Steps.LoginSteps.siteye_git()&amp#27;[0m
  &amp#27;[32mAnd &amp#27;[0m&amp#27;[32musername doldur "&amp#27;[0m&amp#27;[32m&amp#27;[1mstandard_user&amp#27;[0m&amp#27;[32m"&amp#27;[0m &amp#27;[90m# com.hanrideb.Steps.LoginSteps.usernameDoldur(java.lang.String)&amp#27;[0m
  &amp#27;[32mAnd &amp#27;[0m&amp#27;[32mpassword doldur "&amp#27;[0m&amp#27;[32m&amp#27;[1msecret_sauce&amp#27;[0m&amp#27;[32m"&amp#27;[0m  &amp#27;[90m# com.hanrideb.Steps.LoginSteps.passwordDoldur(java.lang.String)&amp#27;[0m
  &amp#27;[32mGiven &amp#27;[0m&amp#27;[32msiteye git&amp#27;[0m              &amp#27;[90m# com.hanrideb.Steps.LoginSteps.siteye_git()&amp#27;[0m
  &amp#27;[32mGiven &amp#27;[0m&amp#27;[32msiteye git&amp#27;[0m                    &amp#27;[90m# com.hanrideb.Steps.LoginSteps.siteye_git()&amp#27;[0m
]]></system-out>
    <system-err><![CDATA[1644520250787	Marionette	INFO	Stopped listening on port 59466
console.warn: LoginRecipes: "getRecipes: falling back to a synchronous message for:" "https://www.saucedemo.com"
console.warn: LoginRecipes: "getRecipes: falling back to a synchronous message for:" "https://www.sJaauvcaeSdcerimpot. ceormr"o
r: resource://gre/modules/LoginManagerParent.jsm, line 136: TypeError: gRecipeManager is null
]]></system-err>
  </testcase>
  <testcase name="runScenario[&quot;Go to site and login&quot;, &quot;Optional[Login Test]&quot;](2)" classname="com.hanrideb.Runner.Runner" time="0.387">
    <system-out><![CDATA[  &amp#27;[32mAnd &amp#27;[0m&amp#27;[32musername doldur "&amp#27;[0m&amp#27;[32m&amp#27;[1mstandard_user&amp#27;[0m&amp#27;[32m"&amp#27;[0m &amp#27;[90m# com.hanrideb.Steps.LoginSteps.usernameDoldur(java.lang.String)&amp#27;[0m
  &amp#27;[32mGiven &amp#27;[0m&amp#27;[32msiteye git&amp#27;[0m                    &amp#27;[90m# com.hanrideb.Steps.LoginSteps.siteye_git()&amp#27;[0m
  &amp#27;[32mAnd &amp#27;[0m&amp#27;[32mpassword doldur "&amp#27;[0m&amp#27;[32m&amp#27;[1msecret_sauce&amp#27;[0m&amp#27;[32m"&amp#27;[0m  &amp#27;[90m# com.hanrideb.Steps.LoginSteps.passwordDoldur(java.lang.String)&amp#27;[0m
  &amp#27;[32mAnd &amp#27;[0m&amp#27;[32musername doldur "&amp#27;[0m&amp#27;[32m&amp#27;[1mstandard_user&amp#27;[0m&amp#27;[32m"&amp#27;[0m &amp#27;[90m# com.hanrideb.Steps.LoginSteps.usernameDoldur(java.lang.String)&amp#27;[0m
  &amp#27;[32mAnd &amp#27;[0m&amp#27;[32mpassword doldur "&amp#27;[0m&amp#27;[32m&amp#27;[1msecret_sauce&amp#27;[0m&amp#27;[32m"&amp#27;[0m  &amp#27;[90m# com.hanrideb.Steps.LoginSteps.passwordDoldur(java.lang.String)&amp#27;[0m

@bing
Scenario: Go to site and login2       &amp#27;[90m# src/test/java/com/hanrideb/Feature/Login.feature:12&amp#27;[0m

@bing
Scenario: Go to site and login3 &amp#27;[90m# src/test/java/com/hanrideb/Feature/Login.feature:20&amp#27;[0m

@bing
Scenario: Go to site and login        &amp#27;[90m# src/test/java/com/hanrideb/Feature/Login.feature:4&amp#27;[0m
  &amp#27;[32mWhen &amp#27;[0m&amp#27;[32msubmit buttonuna tıkla&amp#27;[0m         &amp#27;[90m# com.hanrideb.Steps.LoginSteps.submit_buttonuna_tıkla()&amp#27;[0m
  &amp#27;[32mThen &amp#27;[0m&amp#27;[32mUrl verfy et&amp#27;[0m                   &amp#27;[90m# com.hanrideb.Steps.LoginSteps.url_verfy_et()&amp#27;[0m
]]></system-out>
    <system-err><![CDATA[console.error: BackgroundUpdate: 
  _reasonsToNotScheduleUpdates: Failed to check for Maintenance Service Registry Key: [Exception... "Component returned failure code: 0x80004001 (NS_ERROR_NOT_IMPLEMENTED) [nsIUpdateProcessor.getServiceRegKeyExists]"  nsresult: "0x80004001 (NS_ERROR_NOT_IMPLEMENTED)"  location: "JS frame :: resource://gre/modules/BackgroundUpdate.jsm :: _reasonsToNotScheduleUpdates :: line 243"  data: no]
console.error: BackgroundUpdate: 
  _reasonsToNotScheduleUpdates: Failed to check for Maintenance Service Registry Key: [Exception... "Component returned failure code: 0x80004001 (NS_ERROR_NOT_IMPLEMENTED) [nsIUpdateProcessor.getServiceRegKeyExists]"  nsresult: "0x80004001 (NS_ERROR_NOT_IMPLEMENTED)"  location: "JS frame :: resource://gre/modules/BackgroundUpdate.jsm :: _reasonsToNotScheduleUpdates :: line 243"  data: no]
DevTools listening on ws://localhost:51347/devtools/browser/1b20f104-552c-4edb-9220-760a5f4790dd
1644520248938	Marionette	INFO	Listening on port 59465
1644520248972	RemoteAgent	WARN	TLS certificate errors will be ignored for this session
Feb 10, 2022 10:10:48 PM org.openqa.selenium.remote.ProtocolHandshake createSession
INFO: Detected dialect: W3C
console.error: BackgroundUpdate: 
  _reasonsToNotScheduleUpdates: Failed to check for Maintenance Service Registry Key: [Exception... "Component returned failure code: 0x80004001 (NS_ERROR_NOT_IMPLEMENTED) [nsIUpdateProcessor.getServiceRegKeyExists]"  nsresult: "0x80004001 (NS_ERROR_NOT_IMPLEMENTED)"  location: "JS frame :: resource://gre/modules/BackgroundUpdate.jsm :: _reasonsToNotScheduleUpdates :: line 243"  data: no]
DevTools listening on ws://localhost:63733/devtools/browser/57f170a8-4f8f-41eb-819b-71d1d86fc98b
1644520249075	Marionette	INFO	Listening on port 59466
1644520249173	RemoteAgent	WARN	TLS certificate errors will be ignored for this session
Feb 10, 2022 10:10:49 PM org.openqa.selenium.remote.ProtocolHandshake createSession
INFO: Detected dialect: W3C
DevTools listening on ws://localhost:59530/devtools/browser/a59d17f0-6d9f-4b6a-adac-e4d7b93eda86
1644520249291	Marionette	INFO	Listening on port 59464
1644520249382	RemoteAgent	WARN	TLS certificate errors will be ignored for this session
Feb 10, 2022 10:10:49 PM org.openqa.selenium.remote.ProtocolHandshake createSession
INFO: Detected dialect: W3C
]]></system-err>
  </testcase>
  <testcase name="runScenario[&quot;Go to site and login2&quot;, &quot;Optional[Login Test]&quot;](3)" classname="com.hanrideb.Runner.Runner" time="0.566">
    <system-out><![CDATA[  &amp#27;[32mWhen &amp#27;[0m&amp#27;[32msubmit buttonuna tıkla&amp#27;[0m         &amp#27;[90m# com.hanrideb.Steps.LoginSteps.submit_buttonuna_tıkla()&amp#27;[0m
  &amp#27;[32mThen &amp#27;[0m&amp#27;[32mUrl verfy et&amp#27;[0m                   &amp#27;[90m# com.hanrideb.Steps.LoginSteps.url_verfy_et()&amp#27;[0m
]]></system-out>
  </testcase>
  <testcase name="runScenario[&quot;Go to site and login2&quot;, &quot;Optional[Login Test]&quot;](2)" classname="com.hanrideb.Runner.Runner" time="2.488">
    <system-out><![CDATA[  &amp#27;[32mAnd &amp#27;[0m&amp#27;[32musername doldur "&amp#27;[0m&amp#27;[32m&amp#27;[1mstandard_user&amp#27;[0m&amp#27;[32m"&amp#27;[0m &amp#27;[90m# com.hanrideb.Steps.LoginSteps.usernameDoldur(java.lang.String)&amp#27;[0m
  &amp#27;[32mAnd &amp#27;[0m&amp#27;[32mpassword doldur "&amp#27;[0m&amp#27;[32m&amp#27;[1msecret_sauce&amp#27;[0m&amp#27;[32m"&amp#27;[0m  &amp#27;[90m# com.hanrideb.Steps.LoginSteps.passwordDoldur(java.lang.String)&amp#27;[0m
  &amp#27;[32mWhen &amp#27;[0m&amp#27;[32msubmit buttonuna tıkla&amp#27;[0m         &amp#27;[90m# com.hanrideb.Steps.LoginSteps.submit_buttonuna_tıkla()&amp#27;[0m
  &amp#27;[32mThen &amp#27;[0m&amp#27;[32mUrl verfy et&amp#27;[0m                   &amp#27;[90m# com.hanrideb.Steps.LoginSteps.url_verfy_et()&amp#27;[0m
]]></system-out>
    <system-err><![CDATA[1644520251374	Marionette	INFO	Stopped listening on port 59465
]]></system-err>
  </testcase>
  <testcase name="runScenario[&quot;Go to site and login&quot;, &quot;Optional[Login Test]&quot;](3)" classname="com.hanrideb.Runner.Runner" time="3.785">
    <system-out><![CDATA[  &amp#27;[32mWhen &amp#27;[0m&amp#27;[32msubmit buttonuna tıkla&amp#27;[0m         &amp#27;[90m# com.hanrideb.Steps.LoginSteps.submit_buttonuna_tıkla()&amp#27;[0m
  &amp#27;[32mThen &amp#27;[0m&amp#27;[32mUrl verfy et&amp#27;[0m                   &amp#27;[90m# com.hanrideb.Steps.LoginSteps.url_verfy_et()&amp#27;[0m
]]></system-out>
    <system-err><![CDATA[console.warn: LoginRecipes: "getRecipes: falling back to a synchronous message for:" "https://www.saucedemo.com"
console.warn: LoginRecipes: "getRecipes: falling back to a synchronous message for:" "https://www.saucedemo.com"
JavaScript error: resource://gre/modules/LoginManagerParent.jsm, line 136: TypeError: gRecipeManager is null
1644520252644	Marionette	INFO	Stopped listening on port 59464

###!!! [Parent][RunMessage] Error: Channel closing: too late to send/recv, messages will be lost

]]></system-err>
  </testcase>
</testsuite>