<?xml version="1.0" encoding="UTF-8"?>
<!-- Generated by org.testng.reporters.JUnitReportReporter -->
<testsuite hostname="bedirhan-MacBook-Pro.local" failures="0" tests="6" name="com.hanrideb.Runner.Runner" time="32.900" errors="0" timestamp="2022-02-10T22:10:53 TRT" skipped="0">
  <testcase classname="com.hanrideb.Runner.Runner" name="runScenario" time="4.702"/>
  <system-out/>
  <testcase classname="com.hanrideb.Runner.Runner" name="runScenario" time="7.702"/>
  <system-out/>
  <testcase classname="com.hanrideb.Runner.Runner" name="runScenario" time="6.624"/>
  <system-out/>
  <testcase classname="com.hanrideb.Runner.Runner" name="runScenario" time="3.046"/>
  <system-out/>
  <testcase classname="com.hanrideb.Runner.Runner" name="runScenario" time="4.586"/>
  <system-out/>
  <testcase classname="com.hanrideb.Runner.Runner" name="runScenario" time="6.240"/>
  <system-out/>
</testsuite> <!-- com.hanrideb.Runner.Runner -->
